<?xml version="1.0" encoding="UTF-8"?>
<testng-results skipped="0" failed="0" ignored="0" total="1" passed="1">
  <reporter-output>
  </reporter-output>
  <suite name="Default suite" duration-ms="239" started-at="2022-04-26T12:57:29 IST" finished-at="2022-04-26T12:57:29 IST">
    <groups>
    </groups>
    <test name="Default test" duration-ms="239" started-at="2022-04-26T12:57:29 IST" finished-at="2022-04-26T12:57:29 IST">
      <class name="MavenExecution.Readdatafromcmd">
        <test-method status="PASS" signature="readdatafromcmd()[pri:0, instance:MavenExecution.Readdatafromcmd@23d2a7e8]" name="readdatafromcmd" duration-ms="41" started-at="2022-04-26T12:57:29 IST" finished-at="2022-04-26T12:57:29 IST">
          <reporter-output>
          </reporter-output>
        </test-method> <!-- readdatafromcmd -->
      </class> <!-- MavenExecution.Readdatafromcmd -->
    </test> <!-- Default test -->
  </suite> <!-- Default suite -->
</testng-results>
